<?xml version="1.0" encoding="UTF-8"?>
<testng-results ignored="0" total="1" passed="1" failed="0" skipped="0">
  <reporter-output>
  </reporter-output>
  <suite started-at="2024-12-26T16:39:52 IST" name="Suite" finished-at="2024-12-26T16:40:01 IST" duration-ms="9229">
    <groups>
    </groups>
    <test started-at="2024-12-26T16:39:52 IST" name="Test" finished-at="2024-12-26T16:40:01 IST" duration-ms="9229">
      <class name="testPage.LoginIntoTest">
        <test-method is-config="true" signature="setup()[pri:0, instance:testPage.LoginIntoTest@3f191845]" started-at="2024-12-26T16:39:52 IST" name="setup" finished-at="2024-12-26T16:39:58 IST" duration-ms="6337" status="PASS">
          <reporter-output>
          </reporter-output>
        </test-method> <!-- setup -->
        <test-method signature="runLogin()[pri:0, instance:testPage.LoginIntoTest@3f191845]" started-at="2024-12-26T16:39:58 IST" name="runLogin" finished-at="2024-12-26T16:40:01 IST" duration-ms="2341" status="PASS">
          <reporter-output>
          </reporter-output>
        </test-method> <!-- runLogin -->
        <test-method is-config="true" signature="teardown()[pri:0, instance:testPage.LoginIntoTest@3f191845]" started-at="2024-12-26T16:40:01 IST" name="teardown" finished-at="2024-12-26T16:40:01 IST" duration-ms="210" status="PASS">
          <reporter-output>
          </reporter-output>
        </test-method> <!-- teardown -->
      </class> <!-- testPage.LoginIntoTest -->
    </test> <!-- Test -->
  </suite> <!-- Suite -->
</testng-results>
